[2024-10-04T17:53:32.129] [DEBUG] default - GET /
[2024-10-04T17:55:58.050] [DEBUG] default - GET /
[2024-10-04T23:00:10.472] [DEBUG] default - POST /api/user/register
[2024-10-04T23:05:41.961] [DEBUG] default - POST /api/user/register
[2024-10-04T23:25:09.877] [DEBUG] default - POST /api/user/register
[2024-10-04T23:25:34.068] [DEBUG] default - POST /api/user/login
[2024-10-04T23:28:52.188] [DEBUG] default - POST /api/user/login
[2024-10-04T23:29:10.819] [DEBUG] default - POST /api/user/login
[2024-10-04T23:29:33.229] [DEBUG] default - POST /api/user/login
[2024-10-04T23:30:20.571] [DEBUG] default - POST /api/user/login
[2024-10-04T23:31:05.565] [DEBUG] default - POST /api/user/login
[2024-10-04T23:31:23.411] [DEBUG] default - POST /api/user/login
[2024-10-04T23:31:38.784] [DEBUG] default - POST /api/user/login
[2024-10-04T23:34:06.205] [DEBUG] default - POST /api/user/login
[2024-10-04T23:34:19.940] [DEBUG] default - POST /api/user/login
[2024-10-04T23:34:41.468] [DEBUG] default - POST /api/user/login
[2024-10-04T23:35:06.292] [DEBUG] default - POST /api/user/login
[2024-10-04T23:36:15.283] [DEBUG] default - POST /api/user/login
[2024-10-04T23:36:25.028] [DEBUG] default - POST /api/user/login
[2024-10-04T23:41:20.199] [DEBUG] default - POST /api/user/login
[2024-10-05T00:30:15.522] [DEBUG] default - POST /api/user/login
[2024-10-05T00:49:07.612] [DEBUG] default - POST /api/user/login
[2024-10-05T00:49:16.391] [DEBUG] default - POST /api/user/register
[2024-10-05T00:49:48.039] [DEBUG] default - POST /api/user/register
[2024-10-05T00:50:06.054] [DEBUG] default - POST /api/user/register
[2024-10-05T00:50:40.792] [DEBUG] default - POST /api/user/register
[2024-10-05T00:51:44.510] [DEBUG] default - POST /api/user/register
[2024-10-05T00:53:00.367] [DEBUG] default - POST /api/user/register
[2024-10-05T00:53:35.766] [DEBUG] default - POST /api/user/register
[2024-10-05T00:54:03.840] [DEBUG] default - POST /api/user/register
[2024-10-05T00:54:13.559] [DEBUG] default - POST /api/user/register
[2024-10-05T00:56:02.930] [DEBUG] default - POST /api/user/register
[2024-10-05T00:57:12.398] [DEBUG] default - POST /api/user/register
[2024-10-05T01:01:47.149] [DEBUG] default - POST /api/user/register
[2024-10-05T01:05:37.015] [DEBUG] default - POST /api/user/register
[2024-10-05T01:07:25.381] [DEBUG] default - POST /api/user/register
[2024-10-05T01:07:48.312] [DEBUG] default - POST /api/user/register
[2024-10-05T01:10:25.292] [DEBUG] default - POST /api/user/register
[2024-10-05T01:14:12.436] [DEBUG] default - POST /api/user/register
[2024-10-05T01:19:25.856] [DEBUG] default - POST /api/user/register
[2024-10-05T01:19:37.197] [DEBUG] default - POST /api/user/register
[2024-10-05T01:22:50.865] [DEBUG] default - POST /api/user/register
[2024-10-05T01:36:59.644] [DEBUG] default - POST /api/user/register
[2024-10-05T01:38:52.389] [DEBUG] default - POST /api/user/register
[2024-10-05T01:39:16.257] [DEBUG] default - POST /api/user/register
[2024-10-05T01:39:37.965] [DEBUG] default - POST /api/user/login
[2024-10-05T01:43:36.541] [DEBUG] default - POST /api/user/login
[2024-10-05T01:44:45.540] [DEBUG] default - POST /api/user/login
[2024-10-05T01:45:27.975] [DEBUG] default - POST /api/user/login
[2024-10-05T01:46:04.227] [DEBUG] default - POST /api/user/login
[2024-10-05T01:47:20.723] [DEBUG] default - POST /api/user/login
[2024-10-05T01:48:10.828] [DEBUG] default - POST /api/user/login
[2024-10-05T01:48:42.221] [DEBUG] default - POST /api/user/login
[2024-10-05T01:48:58.510] [DEBUG] default - POST /api/user/login
[2024-10-05T01:49:54.863] [DEBUG] default - POST /api/user/register
[2024-10-05T01:50:33.846] [DEBUG] default - POST /api/user/login
[2024-10-05T01:51:06.591] [DEBUG] default - POST /api/user/login
[2024-10-05T01:51:41.049] [DEBUG] default - POST /api/user/login
[2024-10-05T01:54:30.173] [DEBUG] default - POST /api/user/register
[2024-10-05T01:54:37.273] [DEBUG] default - POST /api/user/login
[2024-10-05T01:54:56.003] [DEBUG] default - POST /api/user/register
[2024-10-05T12:28:35.615] [DEBUG] default - GET /api/detail/getAllDetails
[2024-10-05T12:29:15.914] [DEBUG] default - GET /api/detail/getAllDetails
[2024-10-05T12:29:43.015] [DEBUG] default - GET /api/detail/getAllDetails
[2024-10-05T12:30:15.620] [DEBUG] default - GET /api/detail/getAllDetails
[2024-10-05T12:30:32.922] [DEBUG] default - GET /api/detail/getAllDetails
[2024-10-05T12:32:58.275] [DEBUG] default - GET /api/detail/getDetailByType/INFP
[2024-10-05T12:33:20.844] [DEBUG] default - GET /api/detail/getDetailByType/INFP
[2024-10-05T12:33:55.866] [DEBUG] default - GET /api/detail/getDetailsBypage?page=2&limit=5
[2024-10-05T12:34:13.347] [DEBUG] default - GET /api/detail/getDetailsBypage?page=1
[2024-10-05T12:36:28.966] [DEBUG] default - GET /api/detail/getDetailsBypage?page=1&limit=3
[2024-10-05T12:37:25.906] [DEBUG] default - GET /api/detail/getDetailsBypage?page=1&limit=3
[2024-10-05T12:39:15.059] [DEBUG] default - GET /api/detail/getDetailsBypage?page=1&limit=3
[2024-10-05T12:40:09.601] [DEBUG] default - GET /api/detail/getDetailsBypage?page=1&limit=3
[2024-10-05T12:40:47.156] [DEBUG] default - GET /api/detail/getDetailsBypage?page=1&limit=3
[2024-10-05T12:41:29.371] [DEBUG] default - GET /api/detail/getDetailLike/M
[2024-10-05T12:41:44.550] [DEBUG] default - GET /api/detail/getDetailLike/M
[2024-10-05T12:42:25.199] [DEBUG] default - GET /api/detail/getDetailLike/?type=M
[2024-10-05T12:43:39.691] [DEBUG] default - GET /api/detail/getDetailLike/?type=M
[2024-10-05T12:44:14.287] [DEBUG] default - GET /api/detail/getDetailLike/?search=M
[2024-10-05T12:45:56.548] [DEBUG] default - GET /api/detail/getDetailLike/?search=I
[2024-10-05T12:46:38.816] [DEBUG] default - GET /api/detail/getDetailLike/I
[2024-10-05T15:32:29.696] [DEBUG] default - POST /register
[2024-10-05T15:32:40.936] [DEBUG] default - POST /api/user/register
[2024-10-05T15:34:00.759] [DEBUG] default - POST /api/user/register
[2024-10-05T15:36:43.306] [DEBUG] default - POST /api/user/register
[2024-10-05T15:36:57.729] [DEBUG] default - POST /api/user/register
[2024-10-05T15:37:45.612] [DEBUG] default - POST /api/user/register
[2024-10-05T15:38:04.452] [DEBUG] default - POST /api/user/register
[2024-10-05T15:38:11.095] [DEBUG] default - POST /api/user/register
[2024-10-05T15:38:17.106] [DEBUG] default - POST /api/user/register
[2024-10-05T15:42:42.926] [DEBUG] default - POST /api/user/register
[2024-10-05T15:43:03.819] [DEBUG] default - POST /api/user/register
[2024-10-05T15:45:23.164] [DEBUG] default - POST /api/user/register
[2024-10-05T15:48:02.457] [DEBUG] default - POST /api/user/register
[2024-10-05T15:50:51.639] [DEBUG] default - POST /api/user/register
[2024-10-05T15:51:47.202] [DEBUG] default - POST /api/user/login
[2024-10-05T16:06:16.740] [DEBUG] default - POST /api/user/login
[2024-10-05T16:08:04.691] [DEBUG] default - GET /api/detail/getAllDetails
[2024-10-05T16:09:04.441] [DEBUG] default - GET /api/detail/getAllDetails
[2024-10-05T16:09:24.699] [DEBUG] default - GET /api/detail/getAllDetails
[2024-10-05T16:09:38.768] [DEBUG] default - GET /api/detail/getAllDetails
[2024-10-05T16:10:12.375] [DEBUG] default - GET /api/detail/getAllDetails
[2024-10-05T16:10:24.555] [DEBUG] default - GET /api/detail/getAllDetails
[2024-10-05T16:10:35.499] [DEBUG] default - GET /api/detail/getDetailByType/INFP
[2024-10-05T16:10:49.101] [DEBUG] default - GET /api/detail/getDetailByType/INFP
[2024-10-05T16:10:59.361] [DEBUG] default - GET /api/detail/getDetailLike/I?authorization=eyJhbGciOiJIUzI1NiIsInR5cCI6IkpXVCJ9.eyJ1c2VybmFtZSI6ImthbnkiLCJwYXNzd29yZCI6ImthbnkxMjM0NSIsImlhdCI6MTcyODExNTU3NiwiZXhwIjoxNzI4NzIwMzc2fQ.z7Y_oDN-SlMoMpHa3DHtw1uo-o50zrcAFH5XW4Jj3Us
[2024-10-05T16:11:25.186] [DEBUG] default - GET /api/detail/getDetailLike/I
[2024-10-05T16:11:35.469] [DEBUG] default - GET /api/detail/getDetailsBypage?page=1&limit=3
[2024-10-05T17:37:09.213] [DEBUG] default - GET /api/queAndAnswer/getAllQA
[2024-10-05T17:37:24.851] [DEBUG] default - GET /api/queAndAnswer/getAllQA
[2024-10-05T17:38:26.352] [DEBUG] default - GET /api/queAndAnswer/getQAById/2
[2024-10-05T17:39:08.880] [DEBUG] default - GET /api/queAndAnswer/getQAByPage?page=3&limit=10
[2024-10-05T17:39:17.770] [DEBUG] default - GET /api/queAndAnswer/getQAByPage?page=3&limit=10
[2024-10-05T17:39:47.584] [DEBUG] default - GET /api/queAndAnswer/getQAByPage?page=3&limit=10
[2024-10-05T17:40:04.775] [DEBUG] default - GET /api/queAndAnswer/getQAByPage?page=3&limit=10
[2024-10-07T16:47:02.271] [DEBUG] default - GET /getAllDetails
[2024-10-07T16:47:23.190] [DEBUG] default - GET /getAllDetails
[2024-10-07T16:47:40.991] [DEBUG] default - GET /getAllDetails
[2024-10-07T16:47:58.588] [DEBUG] default - GET /detail/getAllDetails
[2024-10-07T16:48:01.888] [DEBUG] default - GET /detailgetAllDetails
[2024-10-07T16:48:02.933] [DEBUG] default - GET /getAllDetails
[2024-10-07T16:48:11.408] [DEBUG] default - GET /getAllDetails
[2024-10-07T16:48:15.652] [DEBUG] default - GET /
[2024-10-07T16:48:19.275] [DEBUG] default - GET /
[2024-10-07T16:48:23.754] [DEBUG] default - GET /detail
[2024-10-07T16:48:25.847] [DEBUG] default - GET /detail/getAllDetails
[2024-10-07T16:48:32.203] [DEBUG] default - GET /detail/getAllDetails
[2024-10-07T16:48:33.779] [DEBUG] default - GET /detail/getAllDetails
[2024-10-07T16:48:40.534] [DEBUG] default - GET /detail/getAllDetails
[2024-10-07T16:49:22.205] [DEBUG] default - GET /detail/getAllDetails
[2024-10-07T16:52:32.203] [DEBUG] default - GET /api/detail/getAllDetails
[2024-10-07T16:53:01.458] [DEBUG] default - GET /api/detail/getAllDetails
[2024-10-07T16:54:54.624] [DEBUG] default - GET /api/detail/getAllDetails
[2024-10-07T17:03:18.985] [DEBUG] default - GET /api/detail/getAllDetails
[2024-10-07T17:03:22.127] [DEBUG] default - GET /api/detail/getAllDetails
[2024-10-07T17:03:29.231] [DEBUG] default - GET /api/detail/getAllDetails
[2024-10-07T17:03:30.689] [DEBUG] default - GET /api/detail/getAllDetails
[2024-10-07T17:03:34.939] [DEBUG] default - GET /api/detail/getAllDetails
[2024-10-07T17:04:46.883] [DEBUG] default - GET /api/detail/getAllDetails
[2024-10-07T17:04:47.953] [DEBUG] default - GET /api/detail/getAllDetails
[2024-10-07T17:08:14.486] [DEBUG] default - GET /api/detail/getAllDetails
[2024-10-07T17:08:33.923] [DEBUG] default - GET /api/detail/getAllDetails
[2024-10-07T17:15:49.366] [DEBUG] default - GET /api/detail/getAllDetails
[2024-10-07T17:17:01.815] [DEBUG] default - GET /api/detail/getAllDetails
[2024-10-07T17:18:19.869] [DEBUG] default - GET /api/detail/getAllDetails
[2024-10-07T17:18:28.101] [DEBUG] default - GET /api/detail/getAllDetails
[2024-10-07T17:28:35.057] [DEBUG] default - GET /api/detail/getAllDetails
[2024-10-07T17:32:15.459] [DEBUG] default - GET /api/detail/getAllDetails
[2024-10-07T17:32:53.416] [DEBUG] default - GET /api/detail/getAllDetails
[2024-10-07T17:33:30.759] [DEBUG] default - GET /api/detail/getAllDetails
[2024-10-07T17:34:13.877] [DEBUG] default - GET /api/detail/getAllDetails
[2024-10-07T17:34:25.327] [DEBUG] default - GET /api/detail/getAllDetails
[2024-10-07T17:34:59.230] [DEBUG] default - GET /api/detail/getAllDetails
[2024-10-07T17:35:38.525] [DEBUG] default - GET /api/detail/getAllDetails
[2024-10-07T17:36:49.979] [DEBUG] default - GET /api/detail/getAllDetails
[2024-10-07T17:38:41.440] [DEBUG] default - GET /api/detail/getAllDetails
[2024-10-07T17:38:47.772] [DEBUG] default - GET /api/detail/getAllDetails
[2024-10-07T17:38:52.150] [DEBUG] default - GET /api/detail/getAllDetails
[2024-10-07T17:38:52.321] [DEBUG] default - GET /api/detail/getAllDetails
[2024-10-07T17:38:52.438] [DEBUG] default - GET /api/detail/getAllDetails
[2024-10-07T17:38:52.638] [DEBUG] default - GET /api/detail/getAllDetails
[2024-10-07T17:39:01.995] [DEBUG] default - GET /api/detail/getAllDetails
[2024-10-07T17:39:39.229] [DEBUG] default - GET /api/detail/getAllDetails
[2024-10-07T17:40:30.132] [DEBUG] default - GET /api/detail/getAllDetails
[2024-10-07T17:42:48.484] [DEBUG] default - GET /api/detail/getAllDetails
[2024-10-07T17:43:07.161] [DEBUG] default - GET /api/detail/getAllDetails
[2024-10-07T17:43:46.530] [DEBUG] default - GET /api/detail/getAllDetails
[2024-10-07T17:44:18.345] [DEBUG] default - GET /api/detail/getAllDetails
[2024-10-07T17:44:30.214] [DEBUG] default - GET /api/detail/getAllDetails
[2024-10-07T17:46:50.597] [DEBUG] default - GET /api/detail/getAllDetails
[2024-10-07T17:51:40.561] [DEBUG] default - GET /api/detail/getAllDetails
[2024-10-07T17:52:26.310] [DEBUG] default - GET /api/detail/getAllDetails
[2024-10-07T17:56:59.786] [DEBUG] default - GET /api/detail/getAllDetails
[2024-10-07T17:57:51.672] [DEBUG] default - GET /api/detail/getAllDetails
[2024-10-07T18:08:36.708] [DEBUG] default - GET /api/detail/getAllDetails
[2024-10-07T18:10:04.514] [DEBUG] default - GET /api/detail/getAllDetails
[2024-10-07T18:12:42.036] [DEBUG] default - GET /api/detail/getAllDetails
[2024-10-07T18:16:37.733] [DEBUG] default - GET /api/detail/getAllDetails
[2024-10-07T18:37:44.481] [DEBUG] default - GET /api/detail/getAllDetails
[2024-10-07T18:37:59.184] [DEBUG] default - GET /api/detail/getAllDetails
[2024-10-07T18:39:24.768] [DEBUG] default - GET /api/detail/getAllDetails
[2024-10-07T18:40:39.684] [DEBUG] default - GET /api/detail/getAllDetails
[2024-10-07T18:41:49.472] [DEBUG] default - GET /api/detail/getAllDetails
[2024-10-07T18:44:50.460] [DEBUG] default - GET /api/detail/getAllDetails
[2024-10-07T18:44:56.525] [DEBUG] default - GET /api/detail/getAllDetails
[2024-10-07T18:45:30.249] [DEBUG] default - GET /api/detail/getAllDetails
[2024-10-07T18:45:40.708] [DEBUG] default - GET /api/detail/getAllDetails
[2024-10-07T18:45:42.395] [DEBUG] default - GET /api/detail/getAllDetails
[2024-10-07T18:46:41.781] [DEBUG] default - GET /api/detail/getAllDetails
[2024-10-07T18:47:49.365] [DEBUG] default - GET /api/detail/getAllDetails
[2024-10-07T18:47:55.702] [DEBUG] default - GET /api/detail/getAllDetails
[2024-10-07T18:48:44.235] [DEBUG] default - GET /api/detail/getAllDetails
[2024-10-07T18:54:11.419] [DEBUG] default - GET /api/detail/getAllDetails
[2024-10-07T18:54:15.134] [DEBUG] default - GET /api/detail/getAllDetails
[2024-10-07T18:54:48.868] [DEBUG] default - GET /api/detail/getAllDetails
[2024-10-07T18:55:06.813] [DEBUG] default - GET /api/detail/getAllDetails
[2024-10-07T18:55:34.844] [DEBUG] default - GET /api/detail/getAllDetails
[2024-10-07T18:56:05.642] [DEBUG] default - GET /api/detail/getAllDetails
[2024-10-07T18:56:07.280] [DEBUG] default - GET /api/detail/getAllDetails
[2024-10-07T18:56:31.627] [DEBUG] default - GET /api/detail/getAllDetails
[2024-10-07T18:56:32.355] [DEBUG] default - GET /api/detail/getAllDetails
[2024-10-07T18:57:35.813] [DEBUG] default - GET /api/detail/getAllDetails
[2024-10-07T18:57:53.502] [DEBUG] default - GET /api/detail/getAllDetails
[2024-10-07T18:58:34.373] [DEBUG] default - GET /api/detail/getAllDetails
[2024-10-07T18:59:39.333] [DEBUG] default - GET /api/detail/getAllDetails
[2024-10-07T19:02:14.976] [DEBUG] default - GET /api/detail/getAllDetails
[2024-10-07T19:02:57.536] [DEBUG] default - GET /api/detail/getAllDetails
[2024-10-07T19:13:26.388] [DEBUG] default - GET /api/detail/getAllDetails
[2024-10-07T19:15:09.131] [DEBUG] default - GET /api/detail/getAllDetails
[2024-10-07T19:15:09.311] [DEBUG] default - GET /api/detail/getAllDetails
[2024-10-07T19:15:54.671] [DEBUG] default - GET /api/detail/getAllDetails
[2024-10-07T19:15:59.781] [DEBUG] default - GET /api/detail/getAllDetails
[2024-10-07T19:16:01.233] [DEBUG] default - GET /api/detail/getAllDetails
[2024-10-07T19:16:30.577] [DEBUG] default - GET /api/detail/getAllDetails
[2024-10-07T19:16:33.494] [DEBUG] default - GET /api/detail/getAllDetails
[2024-10-07T19:16:35.360] [DEBUG] default - GET /api/detail/getAllDetails
[2024-10-07T19:18:25.611] [DEBUG] default - GET /api/detail/getAllDetails
[2024-10-07T19:18:38.118] [DEBUG] default - GET /api/detail/getAllDetails
[2024-10-07T19:20:04.235] [DEBUG] default - GET /api/detail/getAllDetails
[2024-10-07T19:20:49.491] [DEBUG] default - GET /api/detail/getAllDetails
[2024-10-07T19:26:53.939] [DEBUG] default - GET /api/detail/getDetailByType/INFP
[2024-10-07T19:27:13.964] [DEBUG] default - GET /api/detail/getAllDetails
[2024-10-07T19:27:14.395] [DEBUG] default - GET /api/detail/getAllDetails
[2024-10-07T19:27:31.393] [DEBUG] default - GET /api/detail/getAllDetails
[2024-10-07T19:29:39.114] [DEBUG] default - GET /getAllDetails
[2024-10-07T19:30:04.864] [DEBUG] default - GET /getAllDetails
[2024-10-07T19:30:08.455] [DEBUG] default - GET /getAllDetails
[2024-10-07T19:36:48.736] [DEBUG] default - GET /getDetailByType/INTP
[2024-10-07T19:37:05.915] [DEBUG] default - GET /getDetailByType/INTP
[2024-10-07T19:37:16.398] [DEBUG] default - GET /detail/getDetailByType/INTP
[2024-10-07T19:37:16.421] [DEBUG] default - GET /detail/getDetailByType/INTP
[2024-10-07T19:37:20.117] [DEBUG] default - GET /detail/getDetailByType/INTP
[2024-10-07T19:37:20.141] [DEBUG] default - GET /detail/getDetailByType/INTP
[2024-10-07T19:37:31.330] [DEBUG] default - GET /detail/getDetailByType/INTP
[2024-10-07T19:37:31.395] [DEBUG] default - GET /detail/getDetailByType/INTP
[2024-10-07T19:37:31.795] [DEBUG] default - GET /detail/getDetailByType/INTP
[2024-10-07T19:37:31.814] [DEBUG] default - GET /detail/getDetailByType/INTP
[2024-10-07T19:37:33.335] [DEBUG] default - GET /detail/getDetailByType/INTP
[2024-10-07T19:37:37.067] [DEBUG] default - GET /detail/getDetailByType/INTP
[2024-10-07T19:37:37.083] [DEBUG] default - GET /detail/getDetailByType/INTP
[2024-10-07T19:37:59.955] [DEBUG] default - GET /detail/getDetailByType/INTP
[2024-10-07T19:37:59.965] [DEBUG] default - GET /detail/getDetailByType/INTP
[2024-10-07T19:38:18.931] [DEBUG] default - GET /detail/getDetailByType/INTP
[2024-10-07T19:38:18.942] [DEBUG] default - GET /detail/getDetailByType/INTP
[2024-10-07T19:38:23.945] [DEBUG] default - GET /detail/getDetailByType/INTP
[2024-10-07T19:38:37.909] [DEBUG] default - GET /detail/getDetailByType/ESTP
[2024-10-07T19:38:44.353] [DEBUG] default - GET /detail/getDetailByType/INTP
[2024-10-07T19:38:53.498] [DEBUG] default - GET /detail/getDetailByType/INTP
[2024-10-07T19:38:53.503] [DEBUG] default - GET /detail/getDetailByType/INTP
[2024-10-07T19:38:54.829] [DEBUG] default - GET /detail/getDetailByType/INTP
[2024-10-07T19:39:03.820] [DEBUG] default - GET /detail/getDetailByType/INTP
[2024-10-07T19:39:15.792] [DEBUG] default - GET /detail/getDetailByType/INTP
[2024-10-07T19:39:15.797] [DEBUG] default - GET /detail/getDetailByType/INTP
[2024-10-07T19:39:27.253] [DEBUG] default - GET /detail/getDetailByType/INTP
[2024-10-07T19:39:27.259] [DEBUG] default - GET /detail/getDetailByType/INTP
[2024-10-07T19:39:30.536] [DEBUG] default - GET /detail/getDetailByType/INTP
[2024-10-07T19:39:30.553] [DEBUG] default - GET /detail/getDetailByType/INTP
[2024-10-07T19:39:32.469] [DEBUG] default - GET /detail/getDetailByType/INTP
[2024-10-07T19:39:32.481] [DEBUG] default - GET /detail/getDetailByType/INTP
[2024-10-07T19:39:35.602] [DEBUG] default - GET /detail/getDetailByType/INTP
[2024-10-07T19:39:35.611] [DEBUG] default - GET /detail/getDetailByType/INTP
[2024-10-07T19:39:39.907] [DEBUG] default - GET /detail/getDetailByType/INTP
[2024-10-07T19:39:39.937] [DEBUG] default - GET /detail/getDetailByType/INTP
[2024-10-07T19:39:46.411] [DEBUG] default - GET /detail/getDetailByType/INTP
[2024-10-07T19:42:07.951] [DEBUG] default - GET /detail/getDetailByType/INTP
[2024-10-07T19:42:08.016] [DEBUG] default - GET /detail/getDetailByType/INTP
[2024-10-07T19:43:56.927] [DEBUG] default - GET /detail/getDetailByType/INTP
[2024-10-07T19:44:21.462] [DEBUG] default - GET /detail/getDetailByType/INTP
[2024-10-07T19:44:21.480] [DEBUG] default - GET /detail/getDetailByType/INTP
[2024-10-07T19:45:53.396] [DEBUG] default - GET /detail/getDetailByType/INTP
[2024-10-07T19:46:23.549] [DEBUG] default - GET /detail/getDetailByType/INTP
[2024-10-07T19:46:47.846] [DEBUG] default - GET /detail/getDetailByType/INTP
[2024-10-07T19:46:47.854] [DEBUG] default - GET /detail/getDetailByType/INTP
[2024-10-07T20:01:02.758] [DEBUG] default - GET /api/detail/getDetailByType/INFP
[2024-10-07T20:01:09.715] [DEBUG] default - GET /detail/getDetailByType/INFP
[2024-10-07T20:04:53.600] [DEBUG] default - GET /detail/getDetailByType/INFP
[2024-10-07T20:05:19.447] [DEBUG] default - GET /detail/getDetailByType/INFP
[2024-10-07T20:05:30.840] [DEBUG] default - GET /detail/getDetailByType/INFP
[2024-10-07T20:06:57.051] [DEBUG] default - GET /detail/getDetailByType/INFP
[2024-10-07T20:07:29.897] [DEBUG] default - GET /detail/getDetailByType/INFP
[2024-10-07T20:08:02.465] [DEBUG] default - GET /detail/getDetailByType/INFP
[2024-10-07T20:08:21.613] [DEBUG] default - GET /detail/getDetailByType/INFP
[2024-10-07T20:11:29.427] [DEBUG] default - GET /detail/getDetailByType/INFP
[2024-10-07T20:11:43.086] [DEBUG] default - GET /detail/getDetailByType/INFP
[2024-10-07T20:11:50.755] [DEBUG] default - GET /detail/getDetailByType/INFP
[2024-10-07T20:11:59.102] [DEBUG] default - GET /detail/getDetailByType/INFP
[2024-10-07T20:12:39.562] [DEBUG] default - GET /detail/getDetailByType/INTP
[2024-10-07T20:14:57.187] [DEBUG] default - GET /detail/getDetailByType/INTP
[2024-10-07T20:14:57.517] [DEBUG] default - GET /detail/getDetailByType/INTP
[2024-10-07T20:15:00.922] [DEBUG] default - GET /detail/getDetailByType/INTP
[2024-10-07T20:15:21.612] [DEBUG] default - GET /detail/getDetailByType/INTP
[2024-10-07T20:15:28.937] [DEBUG] default - GET /detail/getDetailByType/INTP
[2024-10-07T20:15:38.379] [DEBUG] default - GET /detail/getDetailByType/INTP
[2024-10-07T20:15:38.874] [DEBUG] default - GET /detail/getDetailByType/INTP
[2024-10-07T20:15:39.380] [DEBUG] default - GET /detail/getDetailByType/INTP
[2024-10-07T20:15:39.575] [DEBUG] default - GET /detail/getDetailByType/INTP
[2024-10-07T20:15:41.552] [DEBUG] default - GET /detail/getDetailByType/INTP
[2024-10-07T20:15:56.418] [DEBUG] default - GET /detail/getDetailByType/INTP
[2024-10-07T20:16:00.559] [DEBUG] default - GET /detail/getDetailByType/INTP
[2024-10-07T20:16:03.113] [DEBUG] default - GET /detail/getDetailByType/INTP
[2024-10-07T20:16:34.732] [DEBUG] default - GET /detail/getDetailByType/INTP
[2024-10-07T20:16:35.154] [DEBUG] default - GET /detail/getDetailByType/INTP
[2024-10-07T20:16:35.281] [DEBUG] default - GET /detail/getDetailByType/INTP
[2024-10-07T20:16:35.421] [DEBUG] default - GET /detail/getDetailByType/INTP
[2024-10-07T20:16:38.639] [DEBUG] default - GET /detail/getDetailByType/INTP
[2024-10-07T20:16:42.269] [DEBUG] default - GET /detail/getDetailByType/INTP
[2024-10-07T20:16:44.157] [DEBUG] default - GET /detail/getDetailByType/INTP
[2024-10-07T20:18:20.707] [DEBUG] default - GET /detail/getDetailByType/INTP
[2024-10-07T20:18:47.747] [DEBUG] default - GET /detail/getDetailByType/INTP
[2024-10-07T20:20:27.488] [DEBUG] default - GET /detail/getDetailByType/INTP
[2024-10-07T20:21:53.612] [DEBUG] default - GET /detail/getDetailByType/INTP
[2024-10-07T20:21:59.948] [DEBUG] default - GET /detail/getDetailByType/INFP
[2024-10-07T20:26:42.092] [DEBUG] default - GET /detail/getDetailByType/INFP
[2024-10-07T20:26:55.398] [DEBUG] default - GET /detail/getDetailByType/INFP
[2024-10-07T20:27:06.493] [DEBUG] default - GET /detail/getDetailByType/INFP
[2024-10-07T20:33:36.392] [DEBUG] default - GET /detail/getDetailByType/INFP
[2024-10-07T20:33:41.649] [DEBUG] default - GET /detail/getDetailByType/INFP
[2024-10-07T20:34:13.291] [DEBUG] default - GET /detail/getDetailByType/INFP
[2024-10-07T20:34:49.139] [DEBUG] default - GET /detail/getDetailByType/INTP
[2024-10-07T20:35:05.189] [DEBUG] default - GET /detail/getDetailByType/INTP
[2024-10-07T20:35:07.220] [DEBUG] default - GET /detail/getDetailByType/INTP
[2024-10-07T20:35:07.489] [DEBUG] default - GET /detail/getDetailByType/INTP
[2024-10-07T20:35:11.068] [DEBUG] default - GET /detail/getDetailByType/INTP
[2024-10-07T20:36:38.639] [DEBUG] default - GET /detail/getDetailByType/INTP
[2024-10-07T20:36:42.506] [DEBUG] default - GET /detail/getDetailByType/INTP
[2024-10-07T20:38:34.423] [DEBUG] default - GET /detail/getDetailByType/INTP
[2024-10-07T20:39:26.495] [DEBUG] default - GET /detail/getDetailByType/INTP
[2024-10-07T20:39:40.650] [DEBUG] default - GET /detail/getDetailByType/INTP
[2024-10-07T20:39:43.425] [DEBUG] default - GET /detail/getDetailByType/INTP
[2024-10-07T20:46:30.952] [DEBUG] default - GET /detail/getDetailByType/INFP
[2024-10-07T20:46:41.182] [DEBUG] default - GET /detail/getDetailByType/INFP
[2024-10-07T20:47:01.786] [DEBUG] default - GET /detail/getDetailByType/INFP
[2024-10-07T20:47:20.251] [DEBUG] default - GET /detail/getDetailByType/INFP
[2024-10-07T20:49:23.128] [DEBUG] default - GET /detail/getDetailByType/INFP
[2024-10-07T20:49:33.541] [DEBUG] default - GET /detail/getDetailByType/INFP
[2024-10-07T20:51:24.921] [DEBUG] default - GET /detail/getDetailByType/INFP
[2024-10-07T20:52:54.234] [DEBUG] default - GET /detail/getDetailByType/INFP
[2024-10-07T20:53:21.216] [DEBUG] default - GET /detail/getDetailByType/INFP
[2024-10-07T20:53:29.928] [DEBUG] default - GET /detail/getDetailByType/INFP
[2024-10-07T20:53:43.463] [DEBUG] default - GET /detail/getDetailByType/INFP
[2024-10-07T20:54:14.388] [DEBUG] default - GET /detail/getDetailByType/INFP
[2024-10-07T20:54:38.048] [DEBUG] default - GET /detail/getDetailByType/INFP
[2024-10-07T20:55:42.922] [DEBUG] default - GET /detail/getDetailByType/INFP
[2024-10-07T20:56:13.306] [DEBUG] default - GET /detail/getDetailByType/INTP
[2024-10-07T20:59:03.018] [DEBUG] default - GET /detail/getDetailByType/INTP
[2024-10-07T20:59:14.303] [DEBUG] default - GET /detail/getDetailByType/INTP
[2024-10-07T20:59:16.760] [DEBUG] default - GET /detail/getDetailByType/INTP
[2024-10-07T20:59:54.489] [DEBUG] default - GET /detail/getDetailByType/INTP
[2024-10-07T21:03:51.939] [DEBUG] default - GET /detail/getDetailByType/INTP
[2024-10-07T21:07:18.436] [DEBUG] default - GET /detail/getDetailByType/INFP
[2024-10-07T21:07:28.282] [DEBUG] default - GET /detail/getDetailByType/INFP
[2024-10-07T21:08:05.062] [DEBUG] default - GET /detail/getDetailByType/INTP
[2024-10-07T21:09:18.376] [DEBUG] default - GET /detail/getDetailByType/INTP
[2024-10-07T21:09:23.129] [DEBUG] default - GET /detail/getDetailByType/ISFJ
